c:\git\sistemas-operativos\proyectoso\simuladorsoconsola\debug\simuladorsoconsola.pch
c:\git\sistemas-operativos\proyectoso\simuladorsoconsola\debug\vc120.pdb
c:\git\sistemas-operativos\proyectoso\simuladorsoconsola\debug\stdafx.obj
c:\git\sistemas-operativos\proyectoso\simuladorsoconsola\debug\simuladorsoconsola.obj
c:\git\sistemas-operativos\proyectoso\simuladorsoconsola\debug\assemblyinfo.obj
c:\git\sistemas-operativos\proyectoso\simuladorsoconsola\debug\.netframework,version=v4.5.assemblyattributes.obj
c:\git\sistemas-operativos\proyectoso\debug\simuladorsoconsola.exe
c:\git\sistemas-operativos\proyectoso\debug\simuladorsoconsola.pdb
c:\git\sistemas-operativos\proyectoso\simuladorsoconsola\debug\app.res
c:\git\sistemas-operativos\proyectoso\simuladorsoconsola\debug\simulado.f7c9ba06.tlog\cl.command.1.tlog
c:\git\sistemas-operativos\proyectoso\simuladorsoconsola\debug\simulado.f7c9ba06.tlog\cl.read.1.tlog
c:\git\sistemas-operativos\proyectoso\simuladorsoconsola\debug\simulado.f7c9ba06.tlog\cl.write.1.tlog
c:\git\sistemas-operativos\proyectoso\simuladorsoconsola\debug\simulado.f7c9ba06.tlog\link.command.1.tlog
c:\git\sistemas-operativos\proyectoso\simuladorsoconsola\debug\simulado.f7c9ba06.tlog\link.read.1.tlog
c:\git\sistemas-operativos\proyectoso\simuladorsoconsola\debug\simulado.f7c9ba06.tlog\link.write.1.tlog
c:\git\sistemas-operativos\proyectoso\simuladorsoconsola\debug\simulado.f7c9ba06.tlog\metagen.read.1.tlog
c:\git\sistemas-operativos\proyectoso\simuladorsoconsola\debug\simulado.f7c9ba06.tlog\metagen.write.1.tlog
c:\git\sistemas-operativos\proyectoso\simuladorsoconsola\debug\simulado.f7c9ba06.tlog\rc.command.1.tlog
c:\git\sistemas-operativos\proyectoso\simuladorsoconsola\debug\simulado.f7c9ba06.tlog\rc.read.1.tlog
c:\git\sistemas-operativos\proyectoso\simuladorsoconsola\debug\simulado.f7c9ba06.tlog\rc.write.1.tlog
c:\git\sistemas-operativos\proyectoso\simuladorsoconsola\debug\simulado.f7c9ba06.tlog\tzres.dll.bi
